<?xml version="1.0" encoding="UTF-8"?>
<testng-results ignored="0" total="1" passed="1" failed="0" skipped="0">
  <reporter-output>
  </reporter-output>
  <suite started-at="2023-10-30T13:56:45 COT" name="Default suite" finished-at="2023-10-30T13:56:52 COT" duration-ms="7386">
    <groups>
    </groups>
    <test started-at="2023-10-30T13:56:45 COT" name="Default test" finished-at="2023-10-30T13:56:52 COT" duration-ms="7386">
      <class name="tests.RescheduleMeetingTest">
        <test-method signature="rescheduleMeeting()[pri:0, instance:tests.RescheduleMeetingTest@121314f7]" started-at="2023-10-30T13:56:45 COT" name="rescheduleMeeting" finished-at="2023-10-30T13:56:52 COT" duration-ms="7354" status="PASS">
          <reporter-output>
          </reporter-output>
        </test-method> <!-- rescheduleMeeting -->
      </class> <!-- tests.RescheduleMeetingTest -->
    </test> <!-- Default test -->
  </suite> <!-- Default suite -->
</testng-results>
